
-------------Request--------------
2018-09-25 18:05:29
app_id=>guC86hUnisAtG2D
charset=>UTF-8
notify=>http://changli.mefack.com/yinme.php?notify
sign=>1977c6101ce4731563e1c05ebbe4d852
mobile=>0
order_no=>20180925180154799338
order_amount=>46
time_expire=>1m
subject=>打印订单20180925180154799338

------------Request---------------

-------------Request--------------
2018-09-25 18:11:30
app_id=>HcNasCDmTYvQ6xd
charset=>UTF-8
notify=>http://changli.mefack.com/yinme.php?notify
sign=>9c81234bb27c566417a05ba59f0561f5
mobile=>0
order_no=>20180925180154799338
order_amount=>46
time_expire=>1m
subject=>打印订单20180925180154799338

------------Request---------------

-------------Request--------------
2018-09-25 18:16:57
app_id=>HcNasCDmTYvQ6xd
charset=>UTF-8
notify=>http://changli.mefack.com/yinme.php?notify
sign=>1ea31289e74f9de588571b5b255025f9
mobile=>1
order_no=>20180925181654236572
order_amount=>46
time_expire=>1m
subject=>打印订单20180925181654236572

------------Request---------------

-------------Request--------------
2018-09-25 18:17:17
app_id=>HcNasCDmTYvQ6xd
charset=>UTF-8
notify=>http://changli.mefack.com/yinme.php?notify
sign=>276f0e4afdb00f5095fbc5a03f8fa24d
mobile=>0
order_no=>20180925181712187246
order_amount=>46
time_expire=>1m
subject=>打印订单20180925181712187246

------------Request---------------

-------------Request--------------
2018-09-25 19:39:54
app_id=>CLVPjQInfylqSZe
charset=>UTF-8
notify=>http://changli.mefack.com/yinme.php?notify
sign=>e7fa6e5b6740be427a5b99682ce70299
mobile=>0
order_no=>20180925181712187246
order_amount=>46
time_expire=>1m
subject=>打印订单20180925181712187246

------------Request---------------

-------------Request--------------
2018-09-25 19:40:00
app_id=>CLVPjQInfylqSZe
charset=>UTF-8
notify=>http://changli.mefack.com/yinme.php?notify
sign=>e7fa6e5b6740be427a5b99682ce70299
mobile=>0
order_no=>20180925181712187246
order_amount=>46
time_expire=>1m
subject=>打印订单20180925181712187246

------------Request---------------

-------------Request--------------
2018-09-25 19:40:36
app_id=>CLVPjQInfylqSZe
charset=>UTF-8
notify=>http://changli.mefack.com/yinme.php?notify
sign=>e7fa6e5b6740be427a5b99682ce70299
mobile=>0
order_no=>20180925181712187246
order_amount=>46
time_expire=>1m
subject=>打印订单20180925181712187246

------------Request---------------

-------------Request--------------
2018-09-25 19:44:34
app_id=>NbMnyu9dHri5v7S
charset=>UTF-8
notify=>http://changli.mefack.com/yinme.php?notify
sign=>e0b27d121122effd568bec997944945e
mobile=>0
order_no=>20180925181712187246
order_amount=>46
time_expire=>1m
subject=>打印订单20180925181712187246

------------Request---------------

-------------Request--------------
2018-09-25 19:45:21
app_id=>NbMnyu9dHri5v7S
charset=>UTF-8
notify=>http://changli.mefack.com/yinme.php?notify
sign=>e0b27d121122effd568bec997944945e
mobile=>0
order_no=>20180925181712187246
order_amount=>46
time_expire=>1m
subject=>打印订单20180925181712187246

------------Request---------------

-------------Request--------------
2018-09-25 19:45:33
app_id=>NbMnyu9dHri5v7S
charset=>UTF-8
notify=>http://changli.mefack.com/yinme.php?notify
sign=>e0b27d121122effd568bec997944945e
mobile=>0
order_no=>20180925181712187246
order_amount=>46
time_expire=>1m
subject=>打印订单20180925181712187246

------------Request---------------

-------------Request--------------
2018-09-25 19:45:54
app_id=>NbMnyu9dHri5v7S
charset=>UTF-8
notify=>http://changli.mefack.com/yinme.php?notify
sign=>b705d258df4337e0e7bf46454e06d8c6
mobile=>1
order_no=>20180925194551639924
order_amount=>46
time_expire=>1m
subject=>打印订单20180925194551639924

------------Request---------------

-------------Request--------------
2018-09-25 19:46:17
app_id=>NbMnyu9dHri5v7S
charset=>UTF-8
notify=>http://changli.mefack.com/yinme.php?notify
sign=>4216ad8a4f702fb3f77e6a568f4c08c5
mobile=>0
order_no=>20180925194613460667
order_amount=>46
time_expire=>1m
subject=>打印订单20180925194613460667

------------Request---------------

-------------Request--------------
2018-09-25 19:46:54
app_id=>NbMnyu9dHri5v7S
charset=>UTF-8
notify=>http://changli.mefack.com/yinme.php?notify
sign=>4216ad8a4f702fb3f77e6a568f4c08c5
mobile=>0
order_no=>20180925194613460667
order_amount=>46
time_expire=>1m
subject=>打印订单20180925194613460667

------------Request---------------

-------------Request--------------
2018-09-25 19:47:09
app_id=>NbMnyu9dHri5v7S
charset=>UTF-8
notify=>http://changli.mefack.com/yinme.php?notify
sign=>4216ad8a4f702fb3f77e6a568f4c08c5
mobile=>0
order_no=>20180925194613460667
order_amount=>46
time_expire=>1m
subject=>打印订单20180925194613460667

------------Request---------------

-------------Request--------------
2018-09-25 19:59:45
app_id=>NbMnyu9dHri5v7S
charset=>UTF-8
notify=>http://changli.mefack.com/yinme.php?notify
sign=>8777c3523feadf940d2944719dafecbb
mobile=>0
order_no=>20180925195940734486
order_amount=>46
time_expire=>1m
subject=>打印订单20180925195940734486

------------Request---------------

-------------Request--------------
2018-09-25 20:00:46
app_id=>NbMnyu9dHri5v7S
charset=>UTF-8
notify=>http://changli.mefack.com/yinme.php?notify
sign=>cd777f505ad9a9b65859a51d392fe34d
mobile=>0
order_no=>20180925200041595978
order_amount=>46
time_expire=>1m
subject=>打印订单20180925200041595978

------------Request---------------

-------------Request--------------
2018-09-25 20:01:21
app_id=>NbMnyu9dHri5v7S
charset=>UTF-8
notify=>http://changli.mefack.com/yinme.php?notify
sign=>cd777f505ad9a9b65859a51d392fe34d
mobile=>0
order_no=>20180925200041595978
order_amount=>46
time_expire=>1m
subject=>打印订单20180925200041595978

------------Request---------------

-------------Request--------------
2018-09-25 20:02:28
app_id=>NbMnyu9dHri5v7S
charset=>UTF-8
notify=>http://changli.mefack.com/yinme.php?notify
sign=>cd777f505ad9a9b65859a51d392fe34d
mobile=>0
order_no=>20180925200041595978
order_amount=>46
time_expire=>1m
subject=>打印订单20180925200041595978

------------Request---------------

-------------Request--------------
2018-09-25 20:03:43
app_id=>NbMnyu9dHri5v7S
charset=>UTF-8
notify=>http://changli.mefack.com/yinme.php?notify
sign=>cd777f505ad9a9b65859a51d392fe34d
mobile=>0
order_no=>20180925200041595978
order_amount=>46
time_expire=>1m
subject=>打印订单20180925200041595978

------------Request---------------

-------------Request--------------
2018-09-25 20:04:53
app_id=>NbMnyu9dHri5v7S
charset=>UTF-8
notify=>http://changli.mefack.com/yinme.php?notify
sign=>cd777f505ad9a9b65859a51d392fe34d
mobile=>0
order_no=>20180925200041595978
order_amount=>46
time_expire=>1m
subject=>打印订单20180925200041595978

------------Request---------------

-------------Request--------------
2018-09-25 20:06:40
app_id=>NbMnyu9dHri5v7S
charset=>UTF-8
notify=>http://changli.mefack.com/yinme.php?notify
sign=>cd777f505ad9a9b65859a51d392fe34d
mobile=>0
order_no=>20180925200041595978
order_amount=>46
time_expire=>1m
subject=>打印订单20180925200041595978

------------Request---------------

-------------Request--------------
2018-09-25 20:08:03
app_id=>NbMnyu9dHri5v7S
charset=>UTF-8
notify=>http://changli.mefack.com/yinme.php?notify
sign=>cd777f505ad9a9b65859a51d392fe34d
mobile=>0
order_no=>20180925200041595978
order_amount=>46
time_expire=>1m
subject=>打印订单20180925200041595978

------------Request---------------

-------------Request--------------
2018-09-25 20:11:07
app_id=>NbMnyu9dHri5v7S
charset=>UTF-8
notify=>http://changli.mefack.com/yinme.php?notify
sign=>cd777f505ad9a9b65859a51d392fe34d
mobile=>0
order_no=>20180925200041595978
order_amount=>46
time_expire=>1m
subject=>打印订单20180925200041595978

------------Request---------------

-------------Request--------------
2018-09-25 20:12:09
app_id=>NbMnyu9dHri5v7S
charset=>UTF-8
notify=>http://changli.mefack.com/yinme.php?notify
sign=>cd777f505ad9a9b65859a51d392fe34d
mobile=>0
order_no=>20180925200041595978
order_amount=>46
time_expire=>1m
subject=>打印订单20180925200041595978

------------Request---------------

-------------Request--------------
2018-09-25 21:18:35
app_id=>NbMnyu9dHri5v7S
charset=>UTF-8
notify=>http://changli.mefack.com/yinme.php?notify
sign=>cd777f505ad9a9b65859a51d392fe34d
mobile=>0
order_no=>20180925200041595978
order_amount=>46
time_expire=>1m
subject=>打印订单20180925200041595978

------------Request---------------

-------------Request--------------
2018-09-25 21:18:59
app_id=>NbMnyu9dHri5v7S
charset=>UTF-8
notify=>http://changli.mefack.com/yinme.php?notify
sign=>cd777f505ad9a9b65859a51d392fe34d
mobile=>0
order_no=>20180925200041595978
order_amount=>46
time_expire=>1m
subject=>打印订单20180925200041595978

------------Request---------------

-------------Request--------------
2018-10-12 21:48:29
app_id=>KUXNk07WD19bgpF
charset=>UTF-8
notify=>http://changli.mefack.com/yinme.php?notify
sign=>fe39e5f952339331b74b91f6fa5fa5be
mobile=>1
order_no=>
order_amount=>
time_expire=>1m
subject=>打印订单20181012214722274810

------------Request---------------
