
-------------Request--------------
2018-09-25 14:08:08
app_id=>B3jAxdPTaDzEcMm
charset=>UTF-8
notify=>http://www.example.cn/sdk/notify.php
sign=>4fc0269fb061ed17e7c53ee93b2ed12f
mobile=>0
order_no=>201809251407583821
order_amount=>0.1
time_expire=>1m
subject=>abc

------------Request---------------

-------------Request--------------
2018-09-25 14:15:42
app_id=>JqZNVfbgSUmXA0y
charset=>UTF-8
notify=>http://www.example.cn/sdk/notify.php
sign=>a848edaf37be2efe329d2620b84f5937
mobile=>0
order_no=>201809251415352923
order_amount=>0.1
time_expire=>1m
subject=>22

------------Request---------------

-------------Request--------------
2018-09-26 04:27:36
app_id=>JqZNVfbgSUmXA0y
charset=>UTF-8
notify=>http://www.example.cn/sdk/notify.php
sign=>b064445546bb69c9c8dff7789a9d1728
mobile=>1
order_no=>201809260427294162
order_amount=>0.1
time_expire=>1m
subject=>22

------------Request---------------

-------------Request--------------
2018-10-12 13:21:55
app_id=>KUXNk07WD19bgpF
charset=>UTF-8
notify=>changli.mefack.com/yinme.php?notify
sign=>5ddf137932797a2b101ddbd8f02cb09b
mobile=>1
order_no=>201810121321423487
order_amount=>0.1
time_expire=>1m
subject=>1

------------Request---------------

-------------Request--------------
2018-10-12 13:23:14
app_id=>KUXNk07WD19bgpF
charset=>UTF-8
notify=>changli.mefack.com/yinme.php?notify
sign=>7e28424495eaaf3f1cc63615ecf28a89
mobile=>0
order_no=>201810121322477136
order_amount=>0.1
time_expire=>1m
subject=>o

------------Request---------------

-------------Request--------------
2018-10-12 13:24:13
app_id=>KUXNk07WD19bgpF
charset=>UTF-8
notify=>changli.mefack.com/yinme.php?notify
sign=>7710bd36a3ff610ba9038ed23f682386
mobile=>0
order_no=>201810122123166440
order_amount=>
time_expire=>5m
subject=>

------------Request---------------

-------------Request--------------
2018-10-12 13:24:29
app_id=>KUXNk07WD19bgpF
charset=>UTF-8
notify=>changli.mefack.com/yinme.php?notify
sign=>7710bd36a3ff610ba9038ed23f682386
mobile=>0
order_no=>201810122123166440
order_amount=>
time_expire=>5m
subject=>

------------Request---------------

-------------Request--------------
2018-10-12 13:25:44
app_id=>KUXNk07WD19bgpF
charset=>UTF-8
notify=>changli.mefack.com/yinme.php?notify
sign=>57aa8a59d0302d2bcadfae4a24d1c362
mobile=>0
order_no=>201810121322477136
order_amount=>
time_expire=>5m
subject=>

------------Request---------------

-------------Request--------------
2018-10-12 13:26:04
app_id=>KUXNk07WD19bgpF
charset=>UTF-8
notify=>changli.mefack.com/yinme.php?notify
sign=>7710bd36a3ff610ba9038ed23f682386
mobile=>0
order_no=>201810122123166440
order_amount=>
time_expire=>5m
subject=>

------------Request---------------

-------------Request--------------
2018-10-12 13:26:23
app_id=>KUXNk07WD19bgpF
charset=>UTF-8
notify=>changli.mefack.com/yinme.php?notify
sign=>7685684b1d5cacd715905988285d2f78
mobile=>0
order_no=>201810112037438766
order_amount=>
time_expire=>5m
subject=>

------------Request---------------

-------------Request--------------
2018-10-12 13:27:26
app_id=>KUXNk07WD19bgpF
charset=>UTF-8
notify=>changli.mefack.com/yinme.php?notify
sign=>cb98431bb1968fef0dfacc46c31bbf4e
mobile=>0
order_no=>201810121326302467
order_amount=>0.1
time_expire=>1m
subject=>ppp

------------Request---------------

-------------Request--------------
2018-10-12 13:27:40
app_id=>KUXNk07WD19bgpF
charset=>UTF-8
notify=>changli.mefack.com/yinme.php?notify
sign=>9508c11bca9a817e6a5803d274230dfd
mobile=>0
order_no=>201810121326302467
order_amount=>
time_expire=>5m
subject=>

------------Request---------------

-------------Request--------------
2018-10-12 13:30:19
app_id=>KUXNk07WD19bgpF
charset=>UTF-8
notify=>changli.mefack.com/yinme.php?notify
sign=>9508c11bca9a817e6a5803d274230dfd
mobile=>0
order_no=>201810121326302467
order_amount=>
time_expire=>5m
subject=>

------------Request---------------

-------------Request--------------
2018-10-12 13:30:24
app_id=>KUXNk07WD19bgpF
charset=>UTF-8
notify=>changli.mefack.com/yinme.php?notify
sign=>9508c11bca9a817e6a5803d274230dfd
mobile=>0
order_no=>201810121326302467
order_amount=>
time_expire=>5m
subject=>

------------Request---------------
